This file contains any messages produced by compilers while
running configure, to aid debugging if configure makes a mistake.

It was created by ezinstall configure 0.0.13, which was
generated by GNU Autoconf 2.69.  Invocation command line was

  $ ./configure --bindir=/home/paolo/public_html/cgi-bin --prefix=/home/paolo

## --------- ##
## Platform. ##
## --------- ##

hostname = linux-l6dg
uname -m = x86_64
uname -r = 3.4.47-2.38-desktop
uname -s = Linux
uname -v = #1 SMP PREEMPT Fri May 31 20:17:40 UTC 2013 (3961086)

/usr/bin/uname -p = x86_64
/bin/uname -X     = unknown

/bin/arch              = x86_64
/usr/bin/arch -k       = unknown
/usr/convex/getsysinfo = unknown
/usr/bin/hostinfo      = unknown
/bin/machine           = unknown
/usr/bin/oslevel       = unknown
/bin/universe          = unknown

PATH: /home/paolo/bin
PATH: /usr/local/bin
PATH: /usr/bin
PATH: /bin
PATH: /usr/bin/X11
PATH: /usr/X11R6/bin
PATH: /usr/games
PATH: /usr/lib/mit/bin


## ----------- ##
## Core tests. ##
## ----------- ##

configure:2088: loading site script /usr/share/site/x86_64-unknown-linux-gnu
| #!/bin/sh
| # Site script for configure. It is resourced via $CONFIG_SITE environment varaible.
| 
| # If user did not specify libdir, guess the correct target:
| # Use lib64 for 64 bit bi-arch targets, keep the default for the rest.
| if test "$libdir" = '${exec_prefix}/lib' ; then
| 
| 	ac_config_site_64bit_host=NONE
| 
| 	case "$host" in
| 	"" )
| 		# User did not specify host target.
| 		# The native platform x86_64 is a bi-arch platform.
| 		# Try to detect cross-compilation to inferior architecture.
| 
| 		# We are trying to guess 32-bit target compilation. It's not as easy as
| 		# it sounds, as there is possible several intermediate combinations.
| 		ac_config_site_cross_to_32bit_host=NONE
| 
| 		# User defined -m32 in CFLAGS or CXXFLAGS:
| 		# (It's sufficient for 32-bit, but alone may cause mis-behavior of some checks.)
| 		case "$CFLAGS" in
| 		*-m32*)
| 			ac_config_site_cross_to_32bit_host=YES
| 			;;
| 		esac
| 		case "$CXXFLAGS" in
| 		*-m32*)
| 			ac_config_site_cross_to_32bit_host=YES
| 			;;
| 		esac
| 
| 		# Running with linux32:
| 		# (Changes detected platform, but not the toolchain target.)
| 		case "`/bin/uname -i`" in
| 		x86_64 | ppc64 | s390x )
| 			;;
| 		* )
| 			ac_config_site_cross_to_32bit_host=YES
| 			;;
| 		esac
| 
| 		if test "x$ac_config_site_cross_to_32bit_host" = xNONE; then
| 			ac_config_site_64bit_host=YES
| 		fi
| 
| 		;;
| 	*x86_64* | *ppc64* | *s390x* )
| 		ac_config_site_64bit_host=YES
| 		;;
| 	esac
| 
| 	if test "x$ac_config_site_64bit_host" = xYES; then
| 		libdir='${exec_prefix}/lib64'
| 	fi
| fi
| 
| # If user did not specify libexecdir, set the correct target:
| # Nor FHS nor openSUSE allow prefix/libexec. Let's default to prefix/lib.
| 
| if test "$libexecdir" = '${exec_prefix}/libexec' ; then
| 	libexecdir='${exec_prefix}/lib'
| fi
| 
| # Continue with the standard behavior of configure defined in AC_SITE_LOAD:
| if test "x$prefix" != xNONE; then
| 	ac_site_file1=$prefix/share/config.site
| 	ac_site_file2=$prefix/etc/config.site
| else
| 	ac_site_file1=$ac_default_prefix/share/config.site
| 	ac_site_file2=$ac_default_prefix/etc/config.site
| fi
| for ac_site_file in "$ac_site_file1" "$ac_site_file2"
| do
| 	test "x$ac_site_file" = xNONE && continue
| 	if test /dev/null != "$ac_site_file" && test -r "$ac_site_file"; then
| 		{ $as_echo "/usr/share/site/x86_64-unknown-linux-gnu:${as_lineno-$LINENO}: loading site script $ac_site_file" >&5
| $as_echo "/usr/share/site/x86_64-unknown-linux-gnu: loading site script $ac_site_file" >&6;}
| 		sed 's/^/| /' "$ac_site_file" >&5
| 		. "$ac_site_file" \
| 			|| { { $as_echo "/usr/share/site/x86_64-unknown-linux-gnu:${as_lineno-$LINENO}: error: in \`$ac_pwd':" >&5
| $as_echo "/usr/share/site/x86_64-unknown-linux-gnu: error: in \`$ac_pwd':" >&2;}
| as_fn_error $? "failed to load site script $ac_site_file
| See \`config.log' for more details" "$LINENO" 5; }
| 	fi
| done
configure:2230: checking for a BSD-compatible install
configure:2298: result: /usr/bin/install -c
configure:2309: checking whether build environment is sane
configure:2346: result: yes
configure:2371: checking for a thread-safe mkdir -p
configure:2410: result: /usr/bin/mkdir -p
configure:2423: checking for gawk
configure:2439: found /usr/bin/gawk
configure:2450: result: gawk
configure:2461: checking whether make sets $(MAKE)
configure:2483: result: yes
configure:2667: checking whether to enable maintainer-specific portions of Makefiles
configure:2676: result: no
configure:2702: checking for style of include used by make
configure:2730: result: GNU
configure:2800: checking for gcc
configure:2816: found /usr/bin/gcc
configure:2827: result: gcc
configure:3056: checking for C compiler version
configure:3065: gcc --version >&5
gcc (SUSE Linux) 4.7.1 20120723 [gcc-4_7-branch revision 189773]
Copyright (C) 2012 Free Software Foundation, Inc.
This is free software; see the source for copying conditions.  There is NO
warranty; not even for MERCHANTABILITY or FITNESS FOR A PARTICULAR PURPOSE.

configure:3076: $? = 0
configure:3065: gcc -v >&5
Using built-in specs.
COLLECT_GCC=gcc
COLLECT_LTO_WRAPPER=/usr/lib64/gcc/x86_64-suse-linux/4.7/lto-wrapper
Target: x86_64-suse-linux
Configured with: ../configure --prefix=/usr --infodir=/usr/share/info --mandir=/usr/share/man --libdir=/usr/lib64 --libexecdir=/usr/lib64 --enable-languages=c,c++,objc,fortran,obj-c++,java,ada --enable-checking=release --with-gxx-include-dir=/usr/include/c++/4.7 --enable-ssp --disable-libssp --disable-libitm --disable-plugin --with-bugurl=http://bugs.opensuse.org/ --with-pkgversion='SUSE Linux' --disable-libgcj --disable-libmudflap --with-slibdir=/lib64 --with-system-zlib --enable-__cxa_atexit --enable-libstdcxx-allocator=new --disable-libstdcxx-pch --enable-version-specific-runtime-libs --enable-linker-build-id --program-suffix=-4.7 --enable-linux-futex --without-system-libunwind --with-arch-32=i586 --with-tune=generic --build=x86_64-suse-linux
Thread model: posix
gcc version 4.7.1 20120723 [gcc-4_7-branch revision 189773] (SUSE Linux) 
configure:3076: $? = 0
configure:3065: gcc -V >&5
gcc: error: unrecognized command line option '-V'
gcc: fatal error: no input files
compilation terminated.
configure:3076: $? = 1
configure:3065: gcc -qversion >&5
gcc: error: unrecognized command line option '-qversion'
gcc: fatal error: no input files
compilation terminated.
configure:3076: $? = 1
configure:3096: checking whether the C compiler works
configure:3118: gcc    conftest.c  >&5
configure:3122: $? = 0
configure:3170: result: yes
configure:3173: checking for C compiler default output file name
configure:3175: result: a.out
configure:3181: checking for suffix of executables
configure:3188: gcc -o conftest    conftest.c  >&5
configure:3192: $? = 0
configure:3214: result: 
configure:3236: checking whether we are cross compiling
configure:3244: gcc -o conftest    conftest.c  >&5
configure:3248: $? = 0
configure:3255: ./conftest
configure:3259: $? = 0
configure:3274: result: no
configure:3279: checking for suffix of object files
configure:3301: gcc -c   conftest.c >&5
configure:3305: $? = 0
configure:3326: result: o
configure:3330: checking whether we are using the GNU C compiler
configure:3349: gcc -c   conftest.c >&5
configure:3349: $? = 0
configure:3358: result: yes
configure:3367: checking whether gcc accepts -g
configure:3387: gcc -c -g  conftest.c >&5
configure:3387: $? = 0
configure:3428: result: yes
configure:3445: checking for gcc option to accept ISO C89
configure:3508: gcc  -c -g -O2  conftest.c >&5
configure:3508: $? = 0
configure:3521: result: none needed
configure:3543: checking dependency style of gcc
configure:3634: result: gcc3
configure:3650: checking for library containing strerror
configure:3681: gcc -o conftest -g -O2   conftest.c  >&5
configure:3681: $? = 0
configure:3698: result: none required
configure:3754: checking for gcc
configure:3781: result: gcc
configure:4010: checking for C compiler version
configure:4019: gcc --version >&5
gcc (SUSE Linux) 4.7.1 20120723 [gcc-4_7-branch revision 189773]
Copyright (C) 2012 Free Software Foundation, Inc.
This is free software; see the source for copying conditions.  There is NO
warranty; not even for MERCHANTABILITY or FITNESS FOR A PARTICULAR PURPOSE.

configure:4030: $? = 0
configure:4019: gcc -v >&5
Using built-in specs.
COLLECT_GCC=gcc
COLLECT_LTO_WRAPPER=/usr/lib64/gcc/x86_64-suse-linux/4.7/lto-wrapper
Target: x86_64-suse-linux
Configured with: ../configure --prefix=/usr --infodir=/usr/share/info --mandir=/usr/share/man --libdir=/usr/lib64 --libexecdir=/usr/lib64 --enable-languages=c,c++,objc,fortran,obj-c++,java,ada --enable-checking=release --with-gxx-include-dir=/usr/include/c++/4.7 --enable-ssp --disable-libssp --disable-libitm --disable-plugin --with-bugurl=http://bugs.opensuse.org/ --with-pkgversion='SUSE Linux' --disable-libgcj --disable-libmudflap --with-slibdir=/lib64 --with-system-zlib --enable-__cxa_atexit --enable-libstdcxx-allocator=new --disable-libstdcxx-pch --enable-version-specific-runtime-libs --enable-linker-build-id --program-suffix=-4.7 --enable-linux-futex --without-system-libunwind --with-arch-32=i586 --with-tune=generic --build=x86_64-suse-linux
Thread model: posix
gcc version 4.7.1 20120723 [gcc-4_7-branch revision 189773] (SUSE Linux) 
configure:4030: $? = 0
configure:4019: gcc -V >&5
gcc: error: unrecognized command line option '-V'
gcc: fatal error: no input files
compilation terminated.
configure:4030: $? = 1
configure:4019: gcc -qversion >&5
gcc: error: unrecognized command line option '-qversion'
gcc: fatal error: no input files
compilation terminated.
configure:4030: $? = 1
configure:4034: checking whether we are using the GNU C compiler
configure:4062: result: yes
configure:4071: checking whether gcc accepts -g
configure:4132: result: yes
configure:4149: checking for gcc option to accept ISO C89
configure:4225: result: none needed
configure:4247: checking dependency style of gcc
configure:4338: result: gcc3
configure:4401: checking for gcc
configure:4428: result: gcc
configure:4657: checking for C compiler version
configure:4666: gcc --version >&5
gcc (SUSE Linux) 4.7.1 20120723 [gcc-4_7-branch revision 189773]
Copyright (C) 2012 Free Software Foundation, Inc.
This is free software; see the source for copying conditions.  There is NO
warranty; not even for MERCHANTABILITY or FITNESS FOR A PARTICULAR PURPOSE.

configure:4677: $? = 0
configure:4666: gcc -v >&5
Using built-in specs.
COLLECT_GCC=gcc
COLLECT_LTO_WRAPPER=/usr/lib64/gcc/x86_64-suse-linux/4.7/lto-wrapper
Target: x86_64-suse-linux
Configured with: ../configure --prefix=/usr --infodir=/usr/share/info --mandir=/usr/share/man --libdir=/usr/lib64 --libexecdir=/usr/lib64 --enable-languages=c,c++,objc,fortran,obj-c++,java,ada --enable-checking=release --with-gxx-include-dir=/usr/include/c++/4.7 --enable-ssp --disable-libssp --disable-libitm --disable-plugin --with-bugurl=http://bugs.opensuse.org/ --with-pkgversion='SUSE Linux' --disable-libgcj --disable-libmudflap --with-slibdir=/lib64 --with-system-zlib --enable-__cxa_atexit --enable-libstdcxx-allocator=new --disable-libstdcxx-pch --enable-version-specific-runtime-libs --enable-linker-build-id --program-suffix=-4.7 --enable-linux-futex --without-system-libunwind --with-arch-32=i586 --with-tune=generic --build=x86_64-suse-linux
Thread model: posix
gcc version 4.7.1 20120723 [gcc-4_7-branch revision 189773] (SUSE Linux) 
configure:4677: $? = 0
configure:4666: gcc -V >&5
gcc: error: unrecognized command line option '-V'
gcc: fatal error: no input files
compilation terminated.
configure:4677: $? = 1
configure:4666: gcc -qversion >&5
gcc: error: unrecognized command line option '-qversion'
gcc: fatal error: no input files
compilation terminated.
configure:4677: $? = 1
configure:4681: checking whether we are using the GNU C compiler
configure:4709: result: yes
configure:4718: checking whether gcc accepts -g
configure:4779: result: yes
configure:4796: checking for gcc option to accept ISO C89
configure:4872: result: none needed
configure:4894: checking dependency style of gcc
configure:4985: result: gcc3
configure:5008: checking how to run the C preprocessor
configure:5039: gcc -E  conftest.c
configure:5039: $? = 0
configure:5053: gcc -E  conftest.c
conftest.c:11:28: fatal error: ac_nonexistent.h: No such file or directory
compilation terminated.
configure:5053: $? = 1
configure: failed program was:
| /* confdefs.h */
| #define PACKAGE_NAME "ezinstall"
| #define PACKAGE_TARNAME "ezinstall"
| #define PACKAGE_VERSION "0.0.13"
| #define PACKAGE_STRING "ezinstall 0.0.13"
| #define PACKAGE_BUGREPORT ""
| #define PACKAGE_URL ""
| #define PACKAGE "ezinstall"
| #define VERSION "0.0.13"
| /* end confdefs.h.  */
| #include <ac_nonexistent.h>
configure:5078: result: gcc -E
configure:5098: gcc -E  conftest.c
configure:5098: $? = 0
configure:5112: gcc -E  conftest.c
conftest.c:11:28: fatal error: ac_nonexistent.h: No such file or directory
compilation terminated.
configure:5112: $? = 1
configure: failed program was:
| /* confdefs.h */
| #define PACKAGE_NAME "ezinstall"
| #define PACKAGE_TARNAME "ezinstall"
| #define PACKAGE_VERSION "0.0.13"
| #define PACKAGE_STRING "ezinstall 0.0.13"
| #define PACKAGE_BUGREPORT ""
| #define PACKAGE_URL ""
| #define PACKAGE "ezinstall"
| #define VERSION "0.0.13"
| /* end confdefs.h.  */
| #include <ac_nonexistent.h>
configure:5141: checking for grep that handles long lines and -e
configure:5199: result: /usr/bin/grep
configure:5204: checking for egrep
configure:5266: result: /usr/bin/grep -E
configure:5271: checking for ANSI C header files
configure:5291: gcc -c -g -O2  conftest.c >&5
configure:5291: $? = 0
configure:5364: gcc -o conftest -g -O2   conftest.c  >&5
configure:5364: $? = 0
configure:5364: ./conftest
configure:5364: $? = 0
configure:5375: result: yes
configure:5386: checking for mysql_init in -lmysqlclient
configure:5411: gcc -o conftest -g -O2   conftest.c -lmysqlclient   >&5
configure:5411: $? = 0
configure:5420: result: yes
configure:5488: checking for main in -lmysqlclient
configure:5507: gcc -o conftest -g -O2   conftest.c -lmysqlclient   >&5
configure:5507: $? = 0
configure:5516: result: yes
configure:5528: checking for main in -lxml2
configure:5547: gcc -o conftest -g -O2   conftest.c -lxml2  -lmysqlclient  >&5
configure:5547: $? = 0
configure:5556: result: yes
configure:5573: checking for sys/types.h
configure:5573: gcc -c -g -O2  conftest.c >&5
configure:5573: $? = 0
configure:5573: result: yes
configure:5573: checking for sys/stat.h
configure:5573: gcc -c -g -O2  conftest.c >&5
configure:5573: $? = 0
configure:5573: result: yes
configure:5573: checking for stdlib.h
configure:5573: gcc -c -g -O2  conftest.c >&5
configure:5573: $? = 0
configure:5573: result: yes
configure:5573: checking for string.h
configure:5573: gcc -c -g -O2  conftest.c >&5
configure:5573: $? = 0
configure:5573: result: yes
configure:5573: checking for memory.h
configure:5573: gcc -c -g -O2  conftest.c >&5
configure:5573: $? = 0
configure:5573: result: yes
configure:5573: checking for strings.h
configure:5573: gcc -c -g -O2  conftest.c >&5
configure:5573: $? = 0
configure:5573: result: yes
configure:5573: checking for inttypes.h
configure:5573: gcc -c -g -O2  conftest.c >&5
configure:5573: $? = 0
configure:5573: result: yes
configure:5573: checking for stdint.h
configure:5573: gcc -c -g -O2  conftest.c >&5
configure:5573: $? = 0
configure:5573: result: yes
configure:5573: checking for unistd.h
configure:5573: gcc -c -g -O2  conftest.c >&5
configure:5573: $? = 0
configure:5573: result: yes
configure:5588: checking fcntl.h usability
configure:5588: gcc -c -g -O2  conftest.c >&5
configure:5588: $? = 0
configure:5588: result: yes
configure:5588: checking fcntl.h presence
configure:5588: gcc -E  conftest.c
configure:5588: $? = 0
configure:5588: result: yes
configure:5588: checking for fcntl.h
configure:5588: result: yes
configure:5588: checking limits.h usability
configure:5588: gcc -c -g -O2  conftest.c >&5
configure:5588: $? = 0
configure:5588: result: yes
configure:5588: checking limits.h presence
configure:5588: gcc -E  conftest.c
configure:5588: $? = 0
configure:5588: result: yes
configure:5588: checking for limits.h
configure:5588: result: yes
configure:5588: checking for memory.h
configure:5588: result: yes
configure:5588: checking netdb.h usability
configure:5588: gcc -c -g -O2  conftest.c >&5
configure:5588: $? = 0
configure:5588: result: yes
configure:5588: checking netdb.h presence
configure:5588: gcc -E  conftest.c
configure:5588: $? = 0
configure:5588: result: yes
configure:5588: checking for netdb.h
configure:5588: result: yes
configure:5588: checking netinet/in.h usability
configure:5588: gcc -c -g -O2  conftest.c >&5
configure:5588: $? = 0
configure:5588: result: yes
configure:5588: checking netinet/in.h presence
configure:5588: gcc -E  conftest.c
configure:5588: $? = 0
configure:5588: result: yes
configure:5588: checking for netinet/in.h
configure:5588: result: yes
configure:5588: checking for stdlib.h
configure:5588: result: yes
configure:5588: checking for string.h
configure:5588: result: yes
configure:5588: checking sys/param.h usability
configure:5588: gcc -c -g -O2  conftest.c >&5
configure:5588: $? = 0
configure:5588: result: yes
configure:5588: checking sys/param.h presence
configure:5588: gcc -E  conftest.c
configure:5588: $? = 0
configure:5588: result: yes
configure:5588: checking for sys/param.h
configure:5588: result: yes
configure:5588: checking sys/socket.h usability
configure:5588: gcc -c -g -O2  conftest.c >&5
configure:5588: $? = 0
configure:5588: result: yes
configure:5588: checking sys/socket.h presence
configure:5588: gcc -E  conftest.c
configure:5588: $? = 0
configure:5588: result: yes
configure:5588: checking for sys/socket.h
configure:5588: result: yes
configure:5588: checking for unistd.h
configure:5588: result: yes
configure:5603: checking for xml2-config
configure:5619: found /usr/bin/xml2-config
configure:5630: result: xml2-config
configure:5654: checking for an ANSI C-conforming const
configure:5720: gcc -c -g -O2  -I/usr/include/libxml2 conftest.c >&5
configure:5720: $? = 0
configure:5727: result: yes
configure:5735: checking for stdbool.h that conforms to C99
configure:5802: gcc -c -g -O2  -I/usr/include/libxml2 conftest.c >&5
configure:5802: $? = 0
configure:5809: result: yes
configure:5811: checking for _Bool
configure:5811: gcc -c -g -O2  -I/usr/include/libxml2 conftest.c >&5
configure:5811: $? = 0
configure:5811: gcc -c -g -O2  -I/usr/include/libxml2 conftest.c >&5
conftest.c: In function 'main':
conftest.c:69:20: error: expected expression before ')' token
configure:5811: $? = 1
configure: failed program was:
| /* confdefs.h */
| #define PACKAGE_NAME "ezinstall"
| #define PACKAGE_TARNAME "ezinstall"
| #define PACKAGE_VERSION "0.0.13"
| #define PACKAGE_STRING "ezinstall 0.0.13"
| #define PACKAGE_BUGREPORT ""
| #define PACKAGE_URL ""
| #define PACKAGE "ezinstall"
| #define VERSION "0.0.13"
| #define STDC_HEADERS 1
| #define HAVE_LIBMYSQLCLIENT 1
| #define HAVE_LIBXML2 1
| #define HAVE_SYS_TYPES_H 1
| #define HAVE_SYS_STAT_H 1
| #define HAVE_STDLIB_H 1
| #define HAVE_STRING_H 1
| #define HAVE_MEMORY_H 1
| #define HAVE_STRINGS_H 1
| #define HAVE_INTTYPES_H 1
| #define HAVE_STDINT_H 1
| #define HAVE_UNISTD_H 1
| #define HAVE_FCNTL_H 1
| #define HAVE_LIMITS_H 1
| #define HAVE_MEMORY_H 1
| #define HAVE_NETDB_H 1
| #define HAVE_NETINET_IN_H 1
| #define HAVE_STDLIB_H 1
| #define HAVE_STRING_H 1
| #define HAVE_SYS_PARAM_H 1
| #define HAVE_SYS_SOCKET_H 1
| #define HAVE_UNISTD_H 1
| /* end confdefs.h.  */
| #include <stdio.h>
| #ifdef HAVE_SYS_TYPES_H
| # include <sys/types.h>
| #endif
| #ifdef HAVE_SYS_STAT_H
| # include <sys/stat.h>
| #endif
| #ifdef STDC_HEADERS
| # include <stdlib.h>
| # include <stddef.h>
| #else
| # ifdef HAVE_STDLIB_H
| #  include <stdlib.h>
| # endif
| #endif
| #ifdef HAVE_STRING_H
| # if !defined STDC_HEADERS && defined HAVE_MEMORY_H
| #  include <memory.h>
| # endif
| # include <string.h>
| #endif
| #ifdef HAVE_STRINGS_H
| # include <strings.h>
| #endif
| #ifdef HAVE_INTTYPES_H
| # include <inttypes.h>
| #endif
| #ifdef HAVE_STDINT_H
| # include <stdint.h>
| #endif
| #ifdef HAVE_UNISTD_H
| # include <unistd.h>
| #endif
| int
| main ()
| {
| if (sizeof ((_Bool)))
| 	    return 0;
|   ;
|   return 0;
| }
configure:5811: result: yes
configure:5828: checking for mode_t
configure:5828: gcc -c -g -O2  -I/usr/include/libxml2 conftest.c >&5
configure:5828: $? = 0
configure:5828: gcc -c -g -O2  -I/usr/include/libxml2 conftest.c >&5
conftest.c: In function 'main':
conftest.c:71:21: error: expected expression before ')' token
configure:5828: $? = 1
configure: failed program was:
| /* confdefs.h */
| #define PACKAGE_NAME "ezinstall"
| #define PACKAGE_TARNAME "ezinstall"
| #define PACKAGE_VERSION "0.0.13"
| #define PACKAGE_STRING "ezinstall 0.0.13"
| #define PACKAGE_BUGREPORT ""
| #define PACKAGE_URL ""
| #define PACKAGE "ezinstall"
| #define VERSION "0.0.13"
| #define STDC_HEADERS 1
| #define HAVE_LIBMYSQLCLIENT 1
| #define HAVE_LIBXML2 1
| #define HAVE_SYS_TYPES_H 1
| #define HAVE_SYS_STAT_H 1
| #define HAVE_STDLIB_H 1
| #define HAVE_STRING_H 1
| #define HAVE_MEMORY_H 1
| #define HAVE_STRINGS_H 1
| #define HAVE_INTTYPES_H 1
| #define HAVE_STDINT_H 1
| #define HAVE_UNISTD_H 1
| #define HAVE_FCNTL_H 1
| #define HAVE_LIMITS_H 1
| #define HAVE_MEMORY_H 1
| #define HAVE_NETDB_H 1
| #define HAVE_NETINET_IN_H 1
| #define HAVE_STDLIB_H 1
| #define HAVE_STRING_H 1
| #define HAVE_SYS_PARAM_H 1
| #define HAVE_SYS_SOCKET_H 1
| #define HAVE_UNISTD_H 1
| #define HAVE__BOOL 1
| #define HAVE_STDBOOL_H 1
| /* end confdefs.h.  */
| #include <stdio.h>
| #ifdef HAVE_SYS_TYPES_H
| # include <sys/types.h>
| #endif
| #ifdef HAVE_SYS_STAT_H
| # include <sys/stat.h>
| #endif
| #ifdef STDC_HEADERS
| # include <stdlib.h>
| # include <stddef.h>
| #else
| # ifdef HAVE_STDLIB_H
| #  include <stdlib.h>
| # endif
| #endif
| #ifdef HAVE_STRING_H
| # if !defined STDC_HEADERS && defined HAVE_MEMORY_H
| #  include <memory.h>
| # endif
| # include <string.h>
| #endif
| #ifdef HAVE_STRINGS_H
| # include <strings.h>
| #endif
| #ifdef HAVE_INTTYPES_H
| # include <inttypes.h>
| #endif
| #ifdef HAVE_STDINT_H
| # include <stdint.h>
| #endif
| #ifdef HAVE_UNISTD_H
| # include <unistd.h>
| #endif
| int
| main ()
| {
| if (sizeof ((mode_t)))
| 	    return 0;
|   ;
|   return 0;
| }
configure:5828: result: yes
configure:5839: checking whether struct tm is in sys/time.h or time.h
configure:5859: gcc -c -g -O2  -I/usr/include/libxml2 conftest.c >&5
configure:5859: $? = 0
configure:5866: result: time.h
configure:5876: checking whether lstat correctly handles trailing slash
configure:5902: gcc -o conftest -g -O2  -I/usr/include/libxml2  conftest.c -lxml2 -lmysqlclient  >&5
configure:5902: $? = 0
configure:5902: ./conftest
configure:5902: $? = 0
configure:5919: result: yes
configure:5938: checking whether lstat accepts an empty string
configure:5958: gcc -o conftest -g -O2  -I/usr/include/libxml2  conftest.c -lxml2 -lmysqlclient  >&5
configure:5958: $? = 0
configure:5958: ./conftest
configure:5958: $? = 0
configure:5968: result: no
configure:5984: checking whether lstat correctly handles trailing slash
configure:6027: result: yes
configure:6048: checking for strftime
configure:6048: gcc -o conftest -g -O2  -I/usr/include/libxml2  conftest.c -lxml2 -lmysqlclient  >&5
conftest.c:60:6: warning: conflicting types for built-in function 'strftime' [enabled by default]
configure:6048: $? = 0
configure:6048: result: yes
configure:6104: checking for getcwd
configure:6104: gcc -o conftest -g -O2  -I/usr/include/libxml2  conftest.c -lxml2 -lmysqlclient  >&5
configure:6104: $? = 0
configure:6104: result: yes
configure:6104: checking for gethostbyaddr
configure:6104: gcc -o conftest -g -O2  -I/usr/include/libxml2  conftest.c -lxml2 -lmysqlclient  >&5
configure:6104: $? = 0
configure:6104: result: yes
configure:6104: checking for gethostbyname
configure:6104: gcc -o conftest -g -O2  -I/usr/include/libxml2  conftest.c -lxml2 -lmysqlclient  >&5
configure:6104: $? = 0
configure:6104: result: yes
configure:6104: checking for memset
configure:6104: gcc -o conftest -g -O2  -I/usr/include/libxml2  conftest.c -lxml2 -lmysqlclient  >&5
conftest.c:64:6: warning: conflicting types for built-in function 'memset' [enabled by default]
configure:6104: $? = 0
configure:6104: result: yes
configure:6104: checking for memmem
configure:6104: gcc -o conftest -g -O2  -I/usr/include/libxml2  conftest.c -lxml2 -lmysqlclient  >&5
configure:6104: $? = 0
configure:6104: result: yes
configure:6104: checking for mkdir
configure:6104: gcc -o conftest -g -O2  -I/usr/include/libxml2  conftest.c -lxml2 -lmysqlclient  >&5
configure:6104: $? = 0
configure:6104: result: yes
configure:6104: checking for socket
configure:6104: gcc -o conftest -g -O2  -I/usr/include/libxml2  conftest.c -lxml2 -lmysqlclient  >&5
configure:6104: $? = 0
configure:6104: result: yes
configure:6104: checking for strcasecmp
configure:6104: gcc -o conftest -g -O2  -I/usr/include/libxml2  conftest.c -lxml2 -lmysqlclient  >&5
conftest.c:68:6: warning: conflicting types for built-in function 'strcasecmp' [enabled by default]
configure:6104: $? = 0
configure:6104: result: yes
configure:6104: checking for stricmp
configure:6104: gcc -o conftest -g -O2  -I/usr/include/libxml2  conftest.c -lxml2 -lmysqlclient  >&5
/tmp/ccwN8oJr.o: In function `main':
/home/paolo/ezinstall-remote/conftest.c:80: undefined reference to `stricmp'
collect2: error: ld returned 1 exit status
configure:6104: $? = 1
configure: failed program was:
| /* confdefs.h */
| #define PACKAGE_NAME "ezinstall"
| #define PACKAGE_TARNAME "ezinstall"
| #define PACKAGE_VERSION "0.0.13"
| #define PACKAGE_STRING "ezinstall 0.0.13"
| #define PACKAGE_BUGREPORT ""
| #define PACKAGE_URL ""
| #define PACKAGE "ezinstall"
| #define VERSION "0.0.13"
| #define STDC_HEADERS 1
| #define HAVE_LIBMYSQLCLIENT 1
| #define HAVE_LIBXML2 1
| #define HAVE_SYS_TYPES_H 1
| #define HAVE_SYS_STAT_H 1
| #define HAVE_STDLIB_H 1
| #define HAVE_STRING_H 1
| #define HAVE_MEMORY_H 1
| #define HAVE_STRINGS_H 1
| #define HAVE_INTTYPES_H 1
| #define HAVE_STDINT_H 1
| #define HAVE_UNISTD_H 1
| #define HAVE_FCNTL_H 1
| #define HAVE_LIMITS_H 1
| #define HAVE_MEMORY_H 1
| #define HAVE_NETDB_H 1
| #define HAVE_NETINET_IN_H 1
| #define HAVE_STDLIB_H 1
| #define HAVE_STRING_H 1
| #define HAVE_SYS_PARAM_H 1
| #define HAVE_SYS_SOCKET_H 1
| #define HAVE_UNISTD_H 1
| #define HAVE__BOOL 1
| #define HAVE_STDBOOL_H 1
| #define LSTAT_FOLLOWS_SLASHED_SYMLINK 1
| #define LSTAT_FOLLOWS_SLASHED_SYMLINK 1
| #define HAVE_STRFTIME 1
| #define HAVE_GETCWD 1
| #define HAVE_GETHOSTBYADDR 1
| #define HAVE_GETHOSTBYNAME 1
| #define HAVE_MEMSET 1
| #define HAVE_MEMMEM 1
| #define HAVE_MKDIR 1
| #define HAVE_SOCKET 1
| #define HAVE_STRCASECMP 1
| /* end confdefs.h.  */
| /* Define stricmp to an innocuous variant, in case <limits.h> declares stricmp.
|    For example, HP-UX 11i <limits.h> declares gettimeofday.  */
| #define stricmp innocuous_stricmp
| 
| /* System header to define __stub macros and hopefully few prototypes,
|     which can conflict with char stricmp (); below.
|     Prefer <limits.h> to <assert.h> if __STDC__ is defined, since
|     <limits.h> exists even on freestanding compilers.  */
| 
| #ifdef __STDC__
| # include <limits.h>
| #else
| # include <assert.h>
| #endif
| 
| #undef stricmp
| 
| /* Override any GCC internal prototype to avoid an error.
|    Use char because int might match the return type of a GCC
|    builtin and then its argument prototype would still apply.  */
| #ifdef __cplusplus
| extern "C"
| #endif
| char stricmp ();
| /* The GNU C library defines this for functions which it implements
|     to always fail with ENOSYS.  Some functions are actually named
|     something starting with __ and the normal name is an alias.  */
| #if defined __stub_stricmp || defined __stub___stricmp
| choke me
| #endif
| 
| int
| main ()
| {
| return stricmp ();
|   ;
|   return 0;
| }
configure:6104: result: no
configure:6104: checking for strchr
configure:6104: gcc -o conftest -g -O2  -I/usr/include/libxml2  conftest.c -lxml2 -lmysqlclient  >&5
conftest.c:69:6: warning: conflicting types for built-in function 'strchr' [enabled by default]
configure:6104: $? = 0
configure:6104: result: yes
configure:6104: checking for strdup
configure:6104: gcc -o conftest -g -O2  -I/usr/include/libxml2  conftest.c -lxml2 -lmysqlclient  >&5
conftest.c:70:6: warning: conflicting types for built-in function 'strdup' [enabled by default]
configure:6104: $? = 0
configure:6104: result: yes
configure:6104: checking for strerror
configure:6104: gcc -o conftest -g -O2  -I/usr/include/libxml2  conftest.c -lxml2 -lmysqlclient  >&5
configure:6104: $? = 0
configure:6104: result: yes
configure:6104: checking for strncasecmp
configure:6104: gcc -o conftest -g -O2  -I/usr/include/libxml2  conftest.c -lxml2 -lmysqlclient  >&5
conftest.c:72:6: warning: conflicting types for built-in function 'strncasecmp' [enabled by default]
configure:6104: $? = 0
configure:6104: result: yes
configure:6104: checking for strnicmp
configure:6104: gcc -o conftest -g -O2  -I/usr/include/libxml2  conftest.c -lxml2 -lmysqlclient  >&5
/tmp/ccHuZLHP.o: In function `main':
/home/paolo/ezinstall-remote/conftest.c:84: undefined reference to `strnicmp'
collect2: error: ld returned 1 exit status
configure:6104: $? = 1
configure: failed program was:
| /* confdefs.h */
| #define PACKAGE_NAME "ezinstall"
| #define PACKAGE_TARNAME "ezinstall"
| #define PACKAGE_VERSION "0.0.13"
| #define PACKAGE_STRING "ezinstall 0.0.13"
| #define PACKAGE_BUGREPORT ""
| #define PACKAGE_URL ""
| #define PACKAGE "ezinstall"
| #define VERSION "0.0.13"
| #define STDC_HEADERS 1
| #define HAVE_LIBMYSQLCLIENT 1
| #define HAVE_LIBXML2 1
| #define HAVE_SYS_TYPES_H 1
| #define HAVE_SYS_STAT_H 1
| #define HAVE_STDLIB_H 1
| #define HAVE_STRING_H 1
| #define HAVE_MEMORY_H 1
| #define HAVE_STRINGS_H 1
| #define HAVE_INTTYPES_H 1
| #define HAVE_STDINT_H 1
| #define HAVE_UNISTD_H 1
| #define HAVE_FCNTL_H 1
| #define HAVE_LIMITS_H 1
| #define HAVE_MEMORY_H 1
| #define HAVE_NETDB_H 1
| #define HAVE_NETINET_IN_H 1
| #define HAVE_STDLIB_H 1
| #define HAVE_STRING_H 1
| #define HAVE_SYS_PARAM_H 1
| #define HAVE_SYS_SOCKET_H 1
| #define HAVE_UNISTD_H 1
| #define HAVE__BOOL 1
| #define HAVE_STDBOOL_H 1
| #define LSTAT_FOLLOWS_SLASHED_SYMLINK 1
| #define LSTAT_FOLLOWS_SLASHED_SYMLINK 1
| #define HAVE_STRFTIME 1
| #define HAVE_GETCWD 1
| #define HAVE_GETHOSTBYADDR 1
| #define HAVE_GETHOSTBYNAME 1
| #define HAVE_MEMSET 1
| #define HAVE_MEMMEM 1
| #define HAVE_MKDIR 1
| #define HAVE_SOCKET 1
| #define HAVE_STRCASECMP 1
| #define HAVE_STRCHR 1
| #define HAVE_STRDUP 1
| #define HAVE_STRERROR 1
| #define HAVE_STRNCASECMP 1
| /* end confdefs.h.  */
| /* Define strnicmp to an innocuous variant, in case <limits.h> declares strnicmp.
|    For example, HP-UX 11i <limits.h> declares gettimeofday.  */
| #define strnicmp innocuous_strnicmp
| 
| /* System header to define __stub macros and hopefully few prototypes,
|     which can conflict with char strnicmp (); below.
|     Prefer <limits.h> to <assert.h> if __STDC__ is defined, since
|     <limits.h> exists even on freestanding compilers.  */
| 
| #ifdef __STDC__
| # include <limits.h>
| #else
| # include <assert.h>
| #endif
| 
| #undef strnicmp
| 
| /* Override any GCC internal prototype to avoid an error.
|    Use char because int might match the return type of a GCC
|    builtin and then its argument prototype would still apply.  */
| #ifdef __cplusplus
| extern "C"
| #endif
| char strnicmp ();
| /* The GNU C library defines this for functions which it implements
|     to always fail with ENOSYS.  Some functions are actually named
|     something starting with __ and the normal name is an alias.  */
| #if defined __stub_strnicmp || defined __stub___strnicmp
| choke me
| #endif
| 
| int
| main ()
| {
| return strnicmp ();
|   ;
|   return 0;
| }
configure:6104: result: no
configure:6104: checking for strrchr
configure:6104: gcc -o conftest -g -O2  -I/usr/include/libxml2  conftest.c -lxml2 -lmysqlclient  >&5
conftest.c:73:6: warning: conflicting types for built-in function 'strrchr' [enabled by default]
configure:6104: $? = 0
configure:6104: result: yes
configure:6104: checking for strstr
configure:6104: gcc -o conftest -g -O2  -I/usr/include/libxml2  conftest.c -lxml2 -lmysqlclient  >&5
conftest.c:74:6: warning: conflicting types for built-in function 'strstr' [enabled by default]
configure:6104: $? = 0
configure:6104: result: yes
configure:6104: checking for strtol
configure:6104: gcc -o conftest -g -O2  -I/usr/include/libxml2  conftest.c -lxml2 -lmysqlclient  >&5
configure:6104: $? = 0
configure:6104: result: yes
configure:6256: creating ./config.status

## ---------------------- ##
## Running config.status. ##
## ---------------------- ##

This file was extended by ezinstall config.status 0.0.13, which was
generated by GNU Autoconf 2.69.  Invocation command line was

  CONFIG_FILES    = 
  CONFIG_HEADERS  = 
  CONFIG_LINKS    = 
  CONFIG_COMMANDS = 
  $ ./config.status 

on linux-l6dg

config.status:882: creating Makefile
config.status:882: creating src/Makefile
config.status:882: creating config.h
config.status:1063: config.h is unchanged
config.status:1111: executing depfiles commands

## ---------------- ##
## Cache variables. ##
## ---------------- ##

ac_cv_c_compiler_gnu=yes
ac_cv_c_const=yes
ac_cv_env_CC_set=
ac_cv_env_CC_value=
ac_cv_env_CFLAGS_set=
ac_cv_env_CFLAGS_value=
ac_cv_env_CPPFLAGS_set=
ac_cv_env_CPPFLAGS_value=
ac_cv_env_CPP_set=
ac_cv_env_CPP_value=
ac_cv_env_LDFLAGS_set=
ac_cv_env_LDFLAGS_value=
ac_cv_env_LIBS_set=
ac_cv_env_LIBS_value=
ac_cv_env_build_alias_set=
ac_cv_env_build_alias_value=
ac_cv_env_host_alias_set=
ac_cv_env_host_alias_value=
ac_cv_env_target_alias_set=
ac_cv_env_target_alias_value=
ac_cv_func_getcwd=yes
ac_cv_func_gethostbyaddr=yes
ac_cv_func_gethostbyname=yes
ac_cv_func_lstat_dereferences_slashed_symlink=yes
ac_cv_func_lstat_empty_string_bug=no
ac_cv_func_memmem=yes
ac_cv_func_memset=yes
ac_cv_func_mkdir=yes
ac_cv_func_socket=yes
ac_cv_func_strcasecmp=yes
ac_cv_func_strchr=yes
ac_cv_func_strdup=yes
ac_cv_func_strerror=yes
ac_cv_func_strftime=yes
ac_cv_func_stricmp=no
ac_cv_func_strncasecmp=yes
ac_cv_func_strnicmp=no
ac_cv_func_strrchr=yes
ac_cv_func_strstr=yes
ac_cv_func_strtol=yes
ac_cv_header_fcntl_h=yes
ac_cv_header_inttypes_h=yes
ac_cv_header_limits_h=yes
ac_cv_header_memory_h=yes
ac_cv_header_netdb_h=yes
ac_cv_header_netinet_in_h=yes
ac_cv_header_stdbool_h=yes
ac_cv_header_stdc=yes
ac_cv_header_stdint_h=yes
ac_cv_header_stdlib_h=yes
ac_cv_header_string_h=yes
ac_cv_header_strings_h=yes
ac_cv_header_sys_param_h=yes
ac_cv_header_sys_socket_h=yes
ac_cv_header_sys_stat_h=yes
ac_cv_header_sys_types_h=yes
ac_cv_header_unistd_h=yes
ac_cv_lib_mysqlclient_main=yes
ac_cv_lib_mysqlclient_mysql_init=yes
ac_cv_lib_xml2_main=yes
ac_cv_objext=o
ac_cv_path_EGREP='/usr/bin/grep -E'
ac_cv_path_GREP=/usr/bin/grep
ac_cv_path_install='/usr/bin/install -c'
ac_cv_path_mkdir=/usr/bin/mkdir
ac_cv_prog_AWK=gawk
ac_cv_prog_CPP='gcc -E'
ac_cv_prog_ac_ct_CC=gcc
ac_cv_prog_cc_c89=
ac_cv_prog_cc_g=yes
ac_cv_prog_make_make_set=yes
ac_cv_prog_xml2_config=xml2-config
ac_cv_search_strerror='none required'
ac_cv_struct_tm=time.h
ac_cv_type__Bool=yes
ac_cv_type_mode_t=yes
am_cv_CC_dependencies_compiler_type=gcc3
am_cv_prog_cc_stdc=

## ----------------- ##
## Output variables. ##
## ----------------- ##

ACLOCAL='${SHELL} /home/paolo/ezinstall-remote/missing --run aclocal-1.10'
AMDEPBACKSLASH='\'
AMDEP_FALSE='#'
AMDEP_TRUE=''
AMTAR='${SHELL} /home/paolo/ezinstall-remote/missing --run tar'
AUTOCONF='${SHELL} /home/paolo/ezinstall-remote/missing --run autoconf'
AUTOHEADER='${SHELL} /home/paolo/ezinstall-remote/missing --run autoheader'
AUTOMAKE='${SHELL} /home/paolo/ezinstall-remote/missing --run automake-1.10'
AWK='gawk'
CC='gcc'
CCDEPMODE='depmode=gcc3'
CFLAGS='-g -O2'
CPP='gcc -E'
CPPFLAGS=' -I/usr/include/libxml2'
CYGPATH_W='echo'
DEFS='-DHAVE_CONFIG_H'
DEPDIR='.deps'
ECHO_C=''
ECHO_N='-n'
ECHO_T=''
EGREP='/usr/bin/grep -E'
EXEEXT='.cgi'
GREP='/usr/bin/grep'
INSTALL_DATA='${INSTALL} -m 644'
INSTALL_PROGRAM='${INSTALL}'
INSTALL_SCRIPT='${INSTALL}'
INSTALL_STRIP_PROGRAM='$(install_sh) -c -s'
LDFLAGS=''
LIBOBJS=''
LIBS='-lxml2 -lmysqlclient '
LTLIBOBJS=''
MAINT='#'
MAINTAINER_MODE_FALSE=''
MAINTAINER_MODE_TRUE='#'
MAKEINFO='${SHELL} /home/paolo/ezinstall-remote/missing --run makeinfo'
MKDIR_P='/usr/bin/mkdir -p'
OBJEXT='o'
PACKAGE='ezinstall'
PACKAGE_BUGREPORT=''
PACKAGE_NAME='ezinstall'
PACKAGE_STRING='ezinstall 0.0.13'
PACKAGE_TARNAME='ezinstall'
PACKAGE_URL=''
PACKAGE_VERSION='0.0.13'
PATH_SEPARATOR=':'
SET_MAKE=''
SHELL='/bin/sh'
STRIP=''
VERSION='0.0.13'
ac_ct_CC='gcc'
am__fastdepCC_FALSE='#'
am__fastdepCC_TRUE=''
am__include='include'
am__isrc=''
am__leading_dot='.'
am__quote=''
am__tar='${AMTAR} chof - "$$tardir"'
am__untar='${AMTAR} xf -'
bindir='/home/paolo/public_html/cgi-bin'
build_alias=''
datadir='${datarootdir}'
datarootdir='${prefix}/share'
docdir='${datarootdir}/doc/${PACKAGE_TARNAME}'
dvidir='${docdir}'
exec_prefix='${prefix}'
host_alias=''
htmldir='${docdir}'
includedir='${prefix}/include'
infodir='${datarootdir}/info'
install_sh='$(SHELL) /home/paolo/ezinstall-remote/install-sh'
libdir='${exec_prefix}/lib64'
libexecdir='${exec_prefix}/lib'
localedir='${datarootdir}/locale'
localstatedir='${prefix}/var'
mandir='${datarootdir}/man'
mkdir_p='/usr/bin/mkdir -p'
oldincludedir='/usr/include'
pdfdir='${docdir}'
prefix='/home/paolo'
program_transform_name='s,x,x,'
psdir='${docdir}'
sbindir='${exec_prefix}/sbin'
sharedstatedir='${prefix}/com'
sysconfdir='${prefix}/etc'
target_alias=''
xml2_config='xml2-config'

## ----------- ##
## confdefs.h. ##
## ----------- ##

/* confdefs.h */
#define PACKAGE_NAME "ezinstall"
#define PACKAGE_TARNAME "ezinstall"
#define PACKAGE_VERSION "0.0.13"
#define PACKAGE_STRING "ezinstall 0.0.13"
#define PACKAGE_BUGREPORT ""
#define PACKAGE_URL ""
#define PACKAGE "ezinstall"
#define VERSION "0.0.13"
#define STDC_HEADERS 1
#define HAVE_LIBMYSQLCLIENT 1
#define HAVE_LIBXML2 1
#define HAVE_SYS_TYPES_H 1
#define HAVE_SYS_STAT_H 1
#define HAVE_STDLIB_H 1
#define HAVE_STRING_H 1
#define HAVE_MEMORY_H 1
#define HAVE_STRINGS_H 1
#define HAVE_INTTYPES_H 1
#define HAVE_STDINT_H 1
#define HAVE_UNISTD_H 1
#define HAVE_FCNTL_H 1
#define HAVE_LIMITS_H 1
#define HAVE_MEMORY_H 1
#define HAVE_NETDB_H 1
#define HAVE_NETINET_IN_H 1
#define HAVE_STDLIB_H 1
#define HAVE_STRING_H 1
#define HAVE_SYS_PARAM_H 1
#define HAVE_SYS_SOCKET_H 1
#define HAVE_UNISTD_H 1
#define HAVE__BOOL 1
#define HAVE_STDBOOL_H 1
#define LSTAT_FOLLOWS_SLASHED_SYMLINK 1
#define LSTAT_FOLLOWS_SLASHED_SYMLINK 1
#define HAVE_STRFTIME 1
#define HAVE_GETCWD 1
#define HAVE_GETHOSTBYADDR 1
#define HAVE_GETHOSTBYNAME 1
#define HAVE_MEMSET 1
#define HAVE_MEMMEM 1
#define HAVE_MKDIR 1
#define HAVE_SOCKET 1
#define HAVE_STRCASECMP 1
#define HAVE_STRCHR 1
#define HAVE_STRDUP 1
#define HAVE_STRERROR 1
#define HAVE_STRNCASECMP 1
#define HAVE_STRRCHR 1
#define HAVE_STRSTR 1
#define HAVE_STRTOL 1

configure: exit 0
